java.io.IOException: Cannot run program "/usr/lib/jvm/java-17-jdk-amd64/bin/java" (in directory "/home/ngould/source/advent-of-code-24/day1"): error=2, No such file or directory
  java.base@17.0.6/java.lang.ProcessBuilder.start(ProcessBuilder.java:1143)
  java.base@17.0.6/java.lang.ProcessBuilder.start(ProcessBuilder.java:1073)
  os.proc.proc$lzyINIT1$1(ProcessOps.scala:134)
  os.proc.proc$1(ProcessOps.scala:139)
  os.proc.spawn(ProcessOps.scala:141)
  os.proc.call(ProcessOps.scala:80)
  scala.build.internal.OsLibc$.javaHomeVersion(OsLibc.scala:103)
  scala.cli.commands.shared.SharedOptions.$anonfun$31$$anonfun$1(SharedOptions.scala:504)
  scala.Option.map(Option.scala:242)
  scala.cli.commands.shared.SharedOptions.$anonfun$31(SharedOptions.scala:507)
  scala.Option.orElse(Option.scala:477)
  scala.cli.commands.shared.SharedOptions.bloopRifleConfig$$anonfun$1(SharedOptions.scala:508)
  scala.build.EitherCps$Helper.apply(EitherCps.scala:19)
  scala.cli.commands.shared.SharedOptions.bloopRifleConfig(SharedOptions.scala:518)
  scala.cli.commands.shared.SharedOptions.compilerMaker$$anonfun$1(SharedOptions.scala:528)
  scala.build.EitherCps$Helper.apply(EitherCps.scala:19)
  scala.cli.commands.shared.SharedOptions.compilerMaker(SharedOptions.scala:534)
  scala.cli.commands.repl.Repl$.runCommand(Repl.scala:116)
  scala.cli.commands.default.Default.runCommand(Default.scala:61)
  scala.cli.commands.default.Default.runCommand(Default.scala:48)
  scala.cli.commands.ScalaCommand.run(ScalaCommand.scala:364)
  scala.cli.commands.ScalaCommand.run(ScalaCommand.scala:348)
  caseapp.core.app.CaseApp.main(CaseApp.scala:150)
  scala.cli.commands.ScalaCommand.main(ScalaCommand.scala:333)
  caseapp.core.app.CommandsEntryPoint.main(CommandsEntryPoint.scala:120)
  scala.cli.ScalaCliCommands.main(ScalaCliCommands.scala:124)
  scala.cli.ScalaCli$.main0(ScalaCli.scala:203)
  scala.cli.ScalaCli$.main(ScalaCli.scala:107)
  scala.cli.ScalaCli.main(ScalaCli.scala)
java.io.IOException: error=2, No such file or directory
  java.base@17.0.6/java.lang.ProcessImpl.forkAndExec(ProcessImpl.java)
  java.base@17.0.6/java.lang.ProcessImpl.<init>(ProcessImpl.java:314)
  java.base@17.0.6/java.lang.ProcessImpl.start(ProcessImpl.java:244)
  java.base@17.0.6/java.lang.ProcessBuilder.start(ProcessBuilder.java:1110)
  java.base@17.0.6/java.lang.ProcessBuilder.start(ProcessBuilder.java:1073)
  os.proc.proc$lzyINIT1$1(ProcessOps.scala:134)
  os.proc.proc$1(ProcessOps.scala:139)
  os.proc.spawn(ProcessOps.scala:141)
  os.proc.call(ProcessOps.scala:80)
  scala.build.internal.OsLibc$.javaHomeVersion(OsLibc.scala:103)
  scala.cli.commands.shared.SharedOptions.$anonfun$31$$anonfun$1(SharedOptions.scala:504)
  scala.Option.map(Option.scala:242)
  scala.cli.commands.shared.SharedOptions.$anonfun$31(SharedOptions.scala:507)
  scala.Option.orElse(Option.scala:477)
  scala.cli.commands.shared.SharedOptions.bloopRifleConfig$$anonfun$1(SharedOptions.scala:508)
  scala.build.EitherCps$Helper.apply(EitherCps.scala:19)
  scala.cli.commands.shared.SharedOptions.bloopRifleConfig(SharedOptions.scala:518)
  scala.cli.commands.shared.SharedOptions.compilerMaker$$anonfun$1(SharedOptions.scala:528)
  scala.build.EitherCps$Helper.apply(EitherCps.scala:19)
  scala.cli.commands.shared.SharedOptions.compilerMaker(SharedOptions.scala:534)
  scala.cli.commands.repl.Repl$.runCommand(Repl.scala:116)
  scala.cli.commands.default.Default.runCommand(Default.scala:61)
  scala.cli.commands.default.Default.runCommand(Default.scala:48)
  scala.cli.commands.ScalaCommand.run(ScalaCommand.scala:364)
  scala.cli.commands.ScalaCommand.run(ScalaCommand.scala:348)
  caseapp.core.app.CaseApp.main(CaseApp.scala:150)
  scala.cli.commands.ScalaCommand.main(ScalaCommand.scala:333)
  caseapp.core.app.CommandsEntryPoint.main(CommandsEntryPoint.scala:120)
  scala.cli.ScalaCliCommands.main(ScalaCliCommands.scala:124)
  scala.cli.ScalaCli$.main0(ScalaCli.scala:203)
  scala.cli.ScalaCli$.main(ScalaCli.scala:107)
  scala.cli.ScalaCli.main(ScalaCli.scala)
